<?xml version="1.0" encoding="UTF-8"?>
<testsuite name="UserValidatorTest" tests="1" skipped="0" failures="0" errors="0" timestamp="2020-12-25T16:39:43" hostname="ASHWINI" time="0.087">
  <properties/>
  <testcase name="givenFirstName_ShouldReturn_True()" classname="UserValidatorTest" time="0.087"/>
  <system-out><![CDATA[]]></system-out>
  <system-err><![CDATA[]]></system-err>
</testsuite>
